0 info it worked if it ends with ok
1 verbose cli [ '/QOpenSys/QIBM/ProdData/OPS/Node6/bin/node',
1 verbose cli   '/QOpenSys/usr/bin/npm',
1 verbose cli   'publish' ]
2 info using npm@3.10.8
3 info using node@v6.9.1
4 verbose publish [ '.' ]
5 silly cache add args [ '.', null ]
6 verbose cache add spec .
7 silly cache add parsed spec Result {
7 silly cache add   raw: '.',
7 silly cache add   scope: null,
7 silly cache add   escapedName: null,
7 silly cache add   name: null,
7 silly cache add   rawSpec: '.',
7 silly cache add   spec: '/home/BENOIT/node-red-contrib-db2-for-i',
7 silly cache add   type: 'directory' }
8 verbose addLocalDirectory /home/BENOIT/.npm/node-red-contrib-db2-for-i/0.0.4/package.tgz not in flight; packing
9 verbose correctMkdir /home/BENOIT/.npm correctMkdir not in flight; initializing
10 info lifecycle node-red-contrib-db2-for-i@0.0.4~prepublish: node-red-contrib-db2-for-i@0.0.4
11 silly lifecycle node-red-contrib-db2-for-i@0.0.4~prepublish: no script for prepublish, continuing
12 verbose tar pack [ '/home/BENOIT/.npm/node-red-contrib-db2-for-i/0.0.4/package.tgz',
12 verbose tar pack   '/home/BENOIT/node-red-contrib-db2-for-i' ]
13 verbose tarball /home/BENOIT/.npm/node-red-contrib-db2-for-i/0.0.4/package.tgz
14 verbose folder /home/BENOIT/node-red-contrib-db2-for-i
15 verbose addLocalTarball adding from inside cache /home/BENOIT/.npm/node-red-contrib-db2-for-i/0.0.4/package.tgz
16 verbose correctMkdir /home/BENOIT/.npm correctMkdir not in flight; initializing
17 silly cache afterAdd node-red-contrib-db2-for-i@0.0.4
18 verbose afterAdd /home/BENOIT/.npm/node-red-contrib-db2-for-i/0.0.4/package/package.json not in flight; writing
19 verbose correctMkdir /home/BENOIT/.npm correctMkdir not in flight; initializing
20 verbose afterAdd /home/BENOIT/.npm/node-red-contrib-db2-for-i/0.0.4/package/package.json written
21 silly publish { name: 'node-red-contrib-db2-for-i',
21 silly publish   version: '0.0.4',
21 silly publish   description: 'A Node-RED node to use a IBM Db2 for i database',
21 silly publish   dependencies: { promise: '7.0.3' },
21 silly publish   devDependencies: {},
21 silly publish   directories: {},
21 silly publish   keywords:
21 silly publish    [ 'node-red',
21 silly publish      'Db2 for i',
21 silly publish      'db2',
21 silly publish      'ibm',
21 silly publish      'ibmi',
21 silly publish      'os400',
21 silly publish      'ibm i',
21 silly publish      'iseries' ],
21 silly publish   author: { name: 'Benoit Marolleau' },
21 silly publish   license: 'Apache-2.0',
21 silly publish   homepage: 'https://git.ng.bluemix.net/benoit.marolleau/node-red-contrib-db2-for-i.git',
21 silly publish   'node-red': { nodes: { db2fori: 'ibmdb2fori.js' } },
21 silly publish   optionalDependencies: {},
21 silly publish   scripts: {},
21 silly publish   engines: { node: '>=4.0.0' },
21 silly publish   main: 'ibmdb2fori.js',
21 silly publish   repository:
21 silly publish    { type: 'git',
21 silly publish      url: 'git+https://git.ng.bluemix.net/benoit.marolleau/node-red-contrib-db2-for-i.git' },
21 silly publish   bugs: { url: 'https://git.ng.bluemix.net/benoit.marolleau/node-red-contrib-db2-for-i.git/issues' },
21 silly publish   maintainers:
21 silly publish    [ { name: 'BENOIT MAROLLEAU',
21 silly publish        email: 'benoit.marolleau@fr.ibm.com' } ],
21 silly publish   readme: '# node-red-contrib-db2-for-i\r\n\r\nA <a href="http://nodered.org" target="_new">Node-RED</a> node to read and write to a Db2 for IBM i database from IBM i.\r\n\r\nInstall\r\n-------\r\n\r\nRun the following command in your Node-RED user directory - typically `~/.node-red`\r\n\r\n    npm install node-red-contrib-db2-for-i\r\n\r\n\r\nPrereqs\r\n-------\r\n5733OPS Open Source free products with options for Node.js and Db2 for i driver located in /QOpenSys/QIBM/ProdData/OPS/Node6/os400/db2i/lib/db2a (default)\r\n\r\n\r\nUsage\r\n-----\r\n\r\nAllows basic access to a Db2 for i database. Supported queries: SQL SELECT, INSERT, UPDATE, DELETE.\r\n\r\nmsg.payload must hold the query for the database, and the result is returned in msg.payload.\r\n\r\nTypically the returned payload is one row per result message (Default). Useful for processing per row.\r\n\r\nNEW -  A more standard "Single Array Mode":  result payload is an array containing all the result rows. Useful for bulk processing.\r\n\r\nIf nothing is found then null is returned.\r\n\r\nBasic Example [here](https://flows.nodered.org/flow/b255f32b8e07a5cc0c17e654fd338354) \r\n\r\n\r\nUsage Details and Example\r\n--------\r\n\r\nInput:   msg.payload  = SQL Query injected\r\n\r\nInput: The msg.database payload for injecting the db name (ex: *LOCAL). Note: The  associated Template node name is used as a connection name for connection reuse within a Node-RED flow. This node name is used as a connection name.\r\n\r\nInput : Enter your credentials in the DB2 for i config node associated with the DB2 for i node : dbname = *LOCAL ,  and user profile and password (should be optional in a next release)\r\n\r\nOutput Result in msg.payload. Not return code for now...\r\n\r\nThe returned payload will be an array (JSON Array) containing the result rows (array mode) or one message payload (JSON object) per row (default mode).\r\n\r\nIf nothing is found then <i>null</i> is returned.\r\n\r\n\r\nGetting Started\r\n--------\r\n\r\nRefer to the flow [here](https://flows.nodered.org/flow/b255f32b8e07a5cc0c17e654fd338354) \r\n    \r\n\r\n',
21 silly publish   readmeFilename: 'README.md',
21 silly publish   gitHead: '5025f8a938d5bd371e1498c43e7b4680376e2fe2',
21 silly publish   _id: 'node-red-contrib-db2-for-i@0.0.4',
21 silly publish   _shasum: '92ff3cb51ea85126af100437c6d8ec9781e95f73',
21 silly publish   _from: '.' }
22 verbose getPublishConfig undefined
23 silly mapToRegistry name node-red-contrib-db2-for-i
24 silly mapToRegistry using default registry
25 silly mapToRegistry registry https://registry.npmjs.org/
26 silly mapToRegistry data Result {
26 silly mapToRegistry   raw: 'node-red-contrib-db2-for-i',
26 silly mapToRegistry   scope: null,
26 silly mapToRegistry   escapedName: 'node-red-contrib-db2-for-i',
26 silly mapToRegistry   name: 'node-red-contrib-db2-for-i',
26 silly mapToRegistry   rawSpec: '',
26 silly mapToRegistry   spec: 'latest',
26 silly mapToRegistry   type: 'tag' }
27 silly mapToRegistry uri https://registry.npmjs.org/node-red-contrib-db2-for-i
28 verbose publish registryBase https://registry.npmjs.org/
29 silly publish uploading /home/BENOIT/.npm/node-red-contrib-db2-for-i/0.0.4/package.tgz
30 verbose request uri https://registry.npmjs.org/node-red-contrib-db2-for-i
31 verbose request sending authorization for write operation
32 info attempt registry request try #1 at 3:44:27 PM
33 verbose request using bearer token for auth
34 verbose request id 87be20584d2dcbfb
35 http request PUT https://registry.npmjs.org/node-red-contrib-db2-for-i
36 http 403 https://registry.npmjs.org/node-red-contrib-db2-for-i
37 verbose headers { 'content-type': 'application/json',
37 verbose headers   'cache-control': 'max-age=300',
37 verbose headers   'content-length': '91',
37 verbose headers   'accept-ranges': 'bytes',
37 verbose headers   date: 'Sun, 08 Oct 2017 13:44:28 GMT',
37 verbose headers   via: '1.1 varnish',
37 verbose headers   connection: 'keep-alive',
37 verbose headers   'x-served-by': 'cache-hhn1524-HHN',
37 verbose headers   'x-cache': 'MISS',
37 verbose headers   'x-cache-hits': '0',
37 verbose headers   'x-timer': 'S1507470267.301560,VS0,VE900',
37 verbose headers   vary: 'Accept-Encoding, Accept' }
38 verbose request invalidating /home/BENOIT/.npm/registry.npmjs.org/node-red-contrib-db2-for-i on PUT
39 error publish Failed PUT 403
40 verbose stack Error: You cannot publish over the previously published version 0.0.4. : node-red-contrib-db2-for-i
40 verbose stack     at makeError (/QOpenSys/QIBM/ProdData/OPS/Node6/lib/node_modules/npm/node_modules/npm-registry-client/lib/request.js:302:12)
40 verbose stack     at CachingRegistryClient.<anonymous> (/QOpenSys/QIBM/ProdData/OPS/Node6/lib/node_modules/npm/node_modules/npm-registry-client/lib/request.js:290:14)
40 verbose stack     at Request._callback (/QOpenSys/QIBM/ProdData/OPS/Node6/lib/node_modules/npm/node_modules/npm-registry-client/lib/request.js:210:14)
40 verbose stack     at Request.self.callback (/QOpenSys/QIBM/ProdData/OPS/Node6/lib/node_modules/npm/node_modules/request/request.js:187:22)
40 verbose stack     at emitTwo (events.js:106:13)
40 verbose stack     at Request.emit (events.js:191:7)
40 verbose stack     at Request.<anonymous> (/QOpenSys/QIBM/ProdData/OPS/Node6/lib/node_modules/npm/node_modules/request/request.js:1044:10)
40 verbose stack     at emitOne (events.js:96:13)
40 verbose stack     at Request.emit (events.js:188:7)
40 verbose stack     at IncomingMessage.<anonymous> (/QOpenSys/QIBM/ProdData/OPS/Node6/lib/node_modules/npm/node_modules/request/request.js:965:12)
41 verbose statusCode 403
42 verbose pkgid node-red-contrib-db2-for-i
43 verbose cwd /home/BENOIT/node-red-contrib-db2-for-i
44 error OS400 2
45 error argv "/QOpenSys/QIBM/ProdData/OPS/Node6/bin/node" "/QOpenSys/usr/bin/npm" "publish"
46 error node v6.9.1
47 error npm  v3.10.8
48 error code E403
49 error You cannot publish over the previously published version 0.0.4. : node-red-contrib-db2-for-i
50 error If you need help, you may report this error at:
50 error     <https://github.com/npm/npm/issues>
51 verbose exit [ 1, true ]
